/*C21*/SET SCHEMA PUBLIC
INSERT INTO LANCAMENTOMENSAL VALUES(14,'Supermercado','2017-11-28',20.00,1)
COMMIT
INSERT INTO LANCAMENTOMENSAL VALUES(15,'Barzinho','2017-11-28',68.85,7)
COMMIT
/*C12*/SET SCHEMA PUBLIC
DISCONNECT
/*C13*/SET SCHEMA PUBLIC
DISCONNECT
/*C14*/SET SCHEMA PUBLIC
DISCONNECT
/*C15*/SET SCHEMA PUBLIC
DISCONNECT
/*C16*/SET SCHEMA PUBLIC
DISCONNECT
/*C17*/SET SCHEMA PUBLIC
DISCONNECT
/*C18*/SET SCHEMA PUBLIC
DISCONNECT
/*C19*/SET SCHEMA PUBLIC
DISCONNECT
/*C20*/SET SCHEMA PUBLIC
DISCONNECT
/*C21*/DISCONNECT
